<?xml version="1.0" encoding="UTF-8"?>
<!-- Generated by org.testng.reporters.JUnitReportReporter -->
<testsuite skipped="0" hostname="VictorEspinoza" name="com.test.regression.TestToPass" tests="1" failures="0" timestamp="2020-05-12T17:41:00 MDT" time="0.000" errors="0">
  <testcase name="f" time="0.000" classname="com.test.regression.TestToPass"/>
  <system-out/>
</testsuite> <!-- com.test.regression.TestToPass -->
