<?xml version="1.0" encoding="UTF-8"?>
<!-- Generated by org.testng.reporters.JUnitReportReporter -->
<testsuite skipped="0" hostname="VictorEspinoza" name="com.regression.Test_1" tests="1" failures="0" timestamp="25 Apr 2020 00:03:37 GMT" time="0.794" errors="0">
  <testcase name="BaseTest" time="0.794" classname="com.regression.Test_1"/>
</testsuite> <!-- com.regression.Test_1 -->
