<?xml version="1.0" encoding="UTF-8"?>
<!-- Generated by org.testng.reporters.JUnitReportReporter -->
<testsuite skipped="0" hostname="VictorEspinoza" name="com.regression.Flight_Test_Singleton" tests="1" failures="0" timestamp="25 Apr 2020 00:03:37 GMT" time="0.002" errors="0">
  <testcase name="f" time="0.002" classname="com.regression.Flight_Test_Singleton"/>
</testsuite> <!-- com.regression.Flight_Test_Singleton -->
