<?xml version="1.0" encoding="UTF-8"?>
<!-- Generated by org.testng.reporters.JUnitReportReporter -->
<testsuite skipped="1" hostname="VictorEspinoza" name="com.regression.Flight_Test_Singleton" tests="1" failures="0" timestamp="2020-04-29T18:01:48 MDT" time="2.132" errors="0">
  <testcase name="h" time="2.132" classname="com.regression.Flight_Test_Singleton">
    <skipped/>
  </testcase> <!-- h -->
  <system-out/>
</testsuite> <!-- com.regression.Flight_Test_Singleton -->
