<?xml version="1.0" encoding="UTF-8"?>
<!-- Generated by org.testng.reporters.JUnitReportReporter -->
<testsuite skipped="0" hostname="VictorEspinoza" name="com.regression.Test_1" tests="1" failures="0" timestamp="2020-05-04T17:10:23 MDT" time="16.345" errors="0">
  <testcase name="f" time="16.345" classname="com.regression.Test_1"/>
  <system-out/>
</testsuite> <!-- com.regression.Test_1 -->
