<?xml version="1.0" encoding="UTF-8"?>
<!-- Generated by org.testng.reporters.JUnitReportReporter -->
<testsuite skipped="0" hostname="VictorEspinoza" name="com.regression.Test_3" tests="1" failures="0" timestamp="2020-05-06T16:53:19 MDT" time="22.626" errors="0">
  <testcase name="f" time="22.626" classname="com.regression.Test_3"/>
  <system-out/>
</testsuite> <!-- com.regression.Test_3 -->
